[2019-10-08 15:39:54] [INFO   ] Connecting to the MongoDB database knowingipr 
[2019-10-08 15:39:55] [INFO   ] host: jdbc:mariadb://localhost/knowingipr_knowledge?usePipelineAuth=false
username: root
password: root
driver: org.mariadb.jdbc.Driver 
[2019-10-08 15:39:55] [INFO   ] -------------------------- 
[2019-10-08 15:39:55] [INFO   ] DRIVER: org.mariadb.jdbc.Driver 
[2019-10-08 15:39:55] [INFO   ] Set Login Timeout: 10 
[2019-10-08 15:39:55] [INFO   ] CONNECTION: org.mariadb.jdbc.MariaDbConnection@33d9fecc 
[2019-10-08 15:40:11] [INFO   ] Processing E:\Mongo Storage\Mongo\source data\Patent\2019\ipgb20190101_wk01\ipgb20190101.json 
[2019-10-08 15:40:11] [FINER  ] Parsing file E:\Mongo Storage\Mongo\source data\Patent\2019\ipgb20190101_wk01\ipgb20190101.json 
[2019-10-08 15:40:14] [WARNING] Missing value for field title 
[2019-10-08 15:40:17] [WARNING] Missing value for field title 
[2019-10-08 15:40:18] [WARNING] Missing value for field title 
[2019-10-08 15:40:22] [WARNING] Missing value for field title 
[2019-10-08 15:40:22] [WARNING] Missing value for field title 
[2019-10-08 15:40:22] [WARNING] Missing value for field title 
[2019-10-08 15:40:33] [WARNING] Missing value for field title 
[2019-10-08 15:40:35] [WARNING] Missing value for field title 
[2019-10-08 15:40:39] [FINER  ] Parsing done 
[2019-10-08 15:40:39] [FINER  ] Beginning insert 
