[2019-07-18 14:02:54] [INFO   ] Connecting to the MongoDB database knowingipr 
[2019-07-18 14:02:55] [INFO   ] host: jdbc:mariadb://localhost/knowingipr_knowledge?usePipelineAuth=false
username: root
password: root
driver: org.mariadb.jdbc.Driver 
[2019-07-18 14:02:55] [INFO   ] -------------------------- 
[2019-07-18 14:02:55] [INFO   ] DRIVER: org.mariadb.jdbc.Driver 
[2019-07-18 14:02:55] [INFO   ] Set Login Timeout: 10 
[2019-07-18 14:02:55] [INFO   ] CONNECTION: org.mariadb.jdbc.MariaDbConnection@3636839f 
[2019-07-18 14:03:04] [INFO   ] Creating text index on fields : [title, abstract, authors.name, owners.name] 
[2019-07-18 14:03:04] [INFO   ] Text index created 
[2019-07-18 14:03:19] [INFO   ] Creating index on field : number 
[2019-07-18 14:13:26] [INFO   ] Index on field number created. 
[2019-07-18 14:13:26] [INFO   ] Creating index on field : title 
[2019-07-18 14:21:52] [INFO   ] Index on field title created. 
[2019-07-18 14:21:52] [INFO   ] Creating index on field : authors.name 
[2019-07-18 14:30:30] [INFO   ] Index on field authors.name created. 
[2019-07-18 14:30:30] [INFO   ] Creating index on field : owners.name 
[2019-07-18 14:39:21] [INFO   ] Index on field owners.name created. 
[2019-07-19 09:11:58] [INFO   ] Closing the application 
